#! /nix/store/vh3lcg8gq2c3pxbqkqmrk3fmf3papk52-iverilog-12.0/bin/vvp
:ivl_version "12.0 (stable)";
:ivl_delay_selection "TYPICAL";
:vpi_time_precision - 12;
:vpi_module "/nix/store/vh3lcg8gq2c3pxbqkqmrk3fmf3papk52-iverilog-12.0/lib/ivl/system.vpi";
:vpi_module "/nix/store/vh3lcg8gq2c3pxbqkqmrk3fmf3papk52-iverilog-12.0/lib/ivl/vhdl_sys.vpi";
:vpi_module "/nix/store/vh3lcg8gq2c3pxbqkqmrk3fmf3papk52-iverilog-12.0/lib/ivl/vhdl_textio.vpi";
:vpi_module "/nix/store/vh3lcg8gq2c3pxbqkqmrk3fmf3papk52-iverilog-12.0/lib/ivl/v2005_math.vpi";
:vpi_module "/nix/store/vh3lcg8gq2c3pxbqkqmrk3fmf3papk52-iverilog-12.0/lib/ivl/va_math.vpi";
:vpi_module "/nix/store/vh3lcg8gq2c3pxbqkqmrk3fmf3papk52-iverilog-12.0/lib/ivl/v2009.vpi";
S_0x3cd0ba50 .scope package, "$unit" "$unit" 2 1;
 .timescale 0 0;
S_0x3cd0a6c0 .scope module, "iob_testbench" "iob_testbench" 3 3;
 .timescale -9 -12;
v0x3ccf5dc0_0 .var "c2v_address", 31 0;
v0x3cd44d80_0 .var "c2v_data", 31 0;
v0x3cd44e60_0 .var "clk", 0 0;
v0x3cd44f00_0 .var/i "cv2_read_fp", 31 0;
v0x3cd44fe0_0 .var "mode", 0 0;
v0x3cd450a0_0 .var "rst", 0 0;
v0x3cd45160_0 .var "v2c_address", 31 0;
v0x3cd45240_0 .var "v2c_data", 31 0;
v0x3cd45320_0 .var/i "v2c_write_fp", 31 0;
    .scope S_0x3cd0a6c0;
T_0 ;
    %vpi_func 3 26 "$fopen" 32, "c2v.txt", "r" {0 0 0};
    %store/vec4 v0x3cd44f00_0, 0, 32;
    %load/vec4 v0x3cd44f00_0;
    %cmpi/e 0, 0, 32;
    %jmp/0xz  T_0.0, 4;
    %vpi_call/w 3 28 "$display", "Error opening c2v.txt for reading!" {0 0 0};
    %vpi_call/w 3 29 "$finish" {0 0 0};
T_0.0 ;
    %vpi_func 3 32 "$fopen" 32, "v2c.txt", "a" {0 0 0};
    %store/vec4 v0x3cd45320_0, 0, 32;
    %load/vec4 v0x3cd45320_0;
    %cmpi/e 0, 0, 32;
    %jmp/0xz  T_0.2, 4;
    %vpi_call/w 3 34 "$display", "Error opening v2c.txt for writing!" {0 0 0};
    %vpi_call/w 3 35 "$finish" {0 0 0};
T_0.2 ;
    %pushi/vec4 0, 0, 1;
    %store/vec4 v0x3cd44e60_0, 0, 1;
    %pushi/vec4 1, 0, 1;
    %store/vec4 v0x3cd450a0_0, 0, 1;
    %delay 10000, 0;
    %pushi/vec4 0, 0, 1;
    %store/vec4 v0x3cd450a0_0, 0, 1;
    %delay 10000, 0;
    %pushi/vec4 0, 0, 1;
    %store/vec4 v0x3cd44fe0_0, 0, 1;
T_0.4 ;
    %load/vec4 v0x3cd44fe0_0;
    %pad/u 32;
    %cmpi/ne 2, 0, 32;
    %jmp/0xz T_0.5, 4;
T_0.6 ;
    %vpi_func 3 48 "$feof" 32, v0x3cd44f00_0 {0 0 0};
    %or/r;
    %flag_set/vec4 8;
    %jmp/0xz T_0.7, 8;
    %jmp T_0.6;
T_0.7 ;
    %vpi_call/w 3 49 "$fscanf", v0x3cd44f00_0, "%d %d %d", v0x3cd44fe0_0, v0x3ccf5dc0_0, v0x3cd44d80_0 {0 0 0};
    %vpi_call/w 3 50 "$display", "Verilog read Mode=%d Addr=%d, Data=%d", v0x3cd44fe0_0, v0x3ccf5dc0_0, v0x3cd44d80_0 {0 0 0};
    %vpi_call/w 3 51 "$fwrite", v0x3cd45320_0, "%d %d\012", v0x3cd45160_0, v0x3cd45240_0 {0 0 0};
    %jmp T_0.4;
T_0.5 ;
    %vpi_call/w 3 54 "$finish" {0 0 0};
    %end;
    .thread T_0;
    .scope S_0x3cd0a6c0;
T_1 ;
    %delay 5000, 0;
    %load/vec4 v0x3cd44e60_0;
    %inv;
    %store/vec4 v0x3cd44e60_0, 0, 1;
    %jmp T_1;
    .thread T_1;
# The file index is used to find the file name in the following table.
:file_names 4;
    "N/A";
    "<interactive>";
    "-";
    "iob_v_tb.v";
